<?xml version="1.0" encoding="UTF-8"?>
<testng-results skipped="0" failed="0" ignored="0" total="2" passed="2">
  <reporter-output>
  </reporter-output>
  <suite name="FaceBookSuite" duration-ms="56169" started-at="2018-03-15T11:39:20Z" finished-at="2018-03-15T11:40:16Z">
    <groups>
    </groups>
    <test name="Facebooktest" duration-ms="56169" started-at="2018-03-15T11:39:20Z" finished-at="2018-03-15T11:40:16Z">
      <class name="com.fbook.testclasses.LoginPageTest">
        <test-method status="PASS" signature="setup()[pri:0, instance:com.fbook.testclasses.LoginPageTest@d80b78]" name="setup" is-config="true" duration-ms="29597" started-at="2018-03-15T17:09:20Z" finished-at="2018-03-15T17:09:49Z">
          <reporter-output>
          </reporter-output>
        </test-method> <!-- setup -->
        <test-method status="PASS" signature="loginpagetitle()[pri:1, instance:com.fbook.testclasses.LoginPageTest@d80b78]" name="loginpagetitle" duration-ms="398" started-at="2018-03-15T17:09:49Z" finished-at="2018-03-15T17:09:50Z">
          <reporter-output>
          </reporter-output>
        </test-method> <!-- loginpagetitle -->
        <test-method status="PASS" signature="tearDown()[pri:0, instance:com.fbook.testclasses.LoginPageTest@d80b78]" name="tearDown" is-config="true" duration-ms="3035" started-at="2018-03-15T17:09:50Z" finished-at="2018-03-15T17:09:53Z">
          <reporter-output>
          </reporter-output>
        </test-method> <!-- tearDown -->
        <test-method status="PASS" signature="setup()[pri:0, instance:com.fbook.testclasses.LoginPageTest@d80b78]" name="setup" is-config="true" duration-ms="14560" started-at="2018-03-15T17:09:53Z" finished-at="2018-03-15T17:10:07Z">
          <reporter-output>
          </reporter-output>
        </test-method> <!-- setup -->
        <test-method status="PASS" signature="loginTest()[pri:2, instance:com.fbook.testclasses.LoginPageTest@d80b78]" name="loginTest" duration-ms="7050" started-at="2018-03-15T17:10:07Z" finished-at="2018-03-15T17:10:14Z">
          <reporter-output>
          </reporter-output>
        </test-method> <!-- loginTest -->
        <test-method status="PASS" signature="tearDown()[pri:0, instance:com.fbook.testclasses.LoginPageTest@d80b78]" name="tearDown" is-config="true" duration-ms="1392" started-at="2018-03-15T17:10:14Z" finished-at="2018-03-15T17:10:16Z">
          <reporter-output>
          </reporter-output>
        </test-method> <!-- tearDown -->
      </class> <!-- com.fbook.testclasses.LoginPageTest -->
    </test> <!-- Facebooktest -->
  </suite> <!-- FaceBookSuite -->
</testng-results>
