<?xml version="1.0" encoding="UTF-8"?>
<!-- Generated by org.testng.reporters.JUnitXMLReporter -->
<testsuite hostname="SAIPRAFFUL-PC" ignored="0" name="MavenTestNGTest1" tests="4" failures="0" timestamp="11 Mar 2018 17:48:44 GMT" time="83.435" errors="0">
  <testcase name="loginpagetitle" time="0.31" classname="com.fbook.testclasses.LoginPageTest"/>
  <testcase name="verifyCreatePageTitleTest" time="0.025" classname="com.fbook.testclasses.CreatePageTest"/>
  <testcase name="loginTest" time="7.269" classname="com.fbook.testclasses.LoginPageTest"/>
  <testcase name="verifycreatepagelabelTest" time="0.126" classname="com.fbook.testclasses.CreatePageTest"/>
</testsuite> <!-- MavenTestNGTest1 -->
